2024-07-11 01:37:24,697 - ERROR - Exception (client): Error reading SSH protocol banner
2024-07-11 01:37:24,701 - ERROR - Traceback (most recent call last):
2024-07-11 01:37:24,701 - ERROR -   File "/Users/nageswaransundaraju/Desktop/Python/LABVISAGEENTRY-FYP/.venv/lib/python3.12/site-packages/paramiko/transport.py", line 2327, in _check_banner
2024-07-11 01:37:24,701 - ERROR -     buf = self.packetizer.readline(timeout)
2024-07-11 01:37:24,701 - ERROR -           ^^^^^^^^^^^^^^^^^^^^^^^^^^^^^^^^^
2024-07-11 01:37:24,701 - ERROR -   File "/Users/nageswaransundaraju/Desktop/Python/LABVISAGEENTRY-FYP/.venv/lib/python3.12/site-packages/paramiko/packet.py", line 381, in readline
2024-07-11 01:37:24,701 - ERROR -     buf += self._read_timeout(timeout)
2024-07-11 01:37:24,701 - ERROR -            ^^^^^^^^^^^^^^^^^^^^^^^^^^^
2024-07-11 01:37:24,701 - ERROR -   File "/Users/nageswaransundaraju/Desktop/Python/LABVISAGEENTRY-FYP/.venv/lib/python3.12/site-packages/paramiko/packet.py", line 626, in _read_timeout
2024-07-11 01:37:24,701 - ERROR -     raise socket.timeout()
2024-07-11 01:37:24,701 - ERROR - TimeoutError
2024-07-11 01:37:24,701 - ERROR - 
2024-07-11 01:37:24,701 - ERROR - During handling of the above exception, another exception occurred:
2024-07-11 01:37:24,702 - ERROR - 
2024-07-11 01:37:24,702 - ERROR - Traceback (most recent call last):
2024-07-11 01:37:24,702 - ERROR -   File "/Users/nageswaransundaraju/Desktop/Python/LABVISAGEENTRY-FYP/.venv/lib/python3.12/site-packages/paramiko/transport.py", line 2143, in run
2024-07-11 01:37:24,702 - ERROR -     self._check_banner()
2024-07-11 01:37:24,702 - ERROR -   File "/Users/nageswaransundaraju/Desktop/Python/LABVISAGEENTRY-FYP/.venv/lib/python3.12/site-packages/paramiko/transport.py", line 2331, in _check_banner
2024-07-11 01:37:24,702 - ERROR -     raise SSHException(
2024-07-11 01:37:24,702 - ERROR - paramiko.ssh_exception.SSHException: Error reading SSH protocol banner
2024-07-11 01:37:24,702 - ERROR - 
2024-07-11 01:37:24,702 - ERROR - Error: Error reading SSH protocol banner
2024-07-11 16:48:00,867 - INFO - Training starts...
2024-07-11 16:48:05,391 - INFO - Training completed
2024-07-11 16:48:05,515 - INFO - Connected (version 2.0, client OpenSSH_9.2p1)
2024-07-11 16:48:05,667 - INFO - Authentication (password) successful!
2024-07-11 16:48:05,808 - INFO - File Uploaded
2024-07-14 11:44:11,136 - ERROR - DATABASE ERROR 2003 (HY000): Can't connect to MySQL server on '192.168.146.1:3306' (60)
2024-07-14 12:10:00,874 - ERROR - 2003 (HY000): Can't connect to MySQL server on '192.168.146.1:3306' (60) - Error in fetch_data module
2024-07-15 12:11:17,214 - ERROR - 2003 (HY000): Can't connect to MySQL server on '192.168.146.1:3306' (60) - Error in fetch_data module
2024-07-16 00:49:53,172 - ERROR - Database connection error: 2003 (HY000): Can't connect to MySQL server on '192.168.146.1:3306' (60)
2024-07-16 14:00:53,381 - ERROR - DATABASE ERROR 2003 (HY000): Can't connect to MySQL server on '192.168.146.1:3306' (60)
2024-07-16 14:06:07,673 - ERROR - DATABASE ERROR 1264 (22003): Out of range value for column 'noic' at row 1
2024-07-16 21:24:54,641 - ERROR - Error: [Errno 60] Operation timed out
